0 info it worked if it ends with ok
1 verbose cli [ '/usr/bin/nodejs', '/usr/bin/npm', 'install', '-g', 'nvm' ]
2 info using npm@2.14.12
3 info using node@v4.2.6
4 verbose install initial load of /usr/lib/package.json
5 verbose readDependencies loading dependencies from /usr/lib/package.json
6 silly cache add args [ 'nvm', null ]
7 verbose cache add spec nvm
8 silly cache add parsed spec Result {
8 silly cache add   raw: 'nvm',
8 silly cache add   scope: null,
8 silly cache add   name: 'nvm',
8 silly cache add   rawSpec: '',
8 silly cache add   spec: 'latest',
8 silly cache add   type: 'tag' }
9 silly addNamed nvm@latest
10 verbose addNamed "latest" is being treated as a dist-tag for nvm
11 info addNameTag [ 'nvm', 'latest' ]
12 silly mapToRegistry name nvm
13 silly mapToRegistry using default registry
14 silly mapToRegistry registry https://registry.npmjs.org/
15 silly mapToRegistry uri https://registry.npmjs.org/nvm
16 verbose addNameTag registry:https://registry.npmjs.org/nvm not in flight; fetching
17 verbose request uri https://registry.npmjs.org/nvm
18 verbose request no auth needed
19 info attempt registry request try #1 at 12:25:27 AM
20 verbose request id 19328a18efb35145
21 http request GET https://registry.npmjs.org/nvm
22 http 200 https://registry.npmjs.org/nvm
23 verbose headers { server: 'CouchDB/1.5.0 (Erlang OTP/R16B03)',
23 verbose headers   etag: '"BSW937IB6WMD0F3FG62SV9T0Z"',
23 verbose headers   'content-type': 'application/json',
23 verbose headers   'cache-control': 'max-age=300',
23 verbose headers   'content-length': '4681',
23 verbose headers   'accept-ranges': 'bytes',
23 verbose headers   date: 'Mon, 01 Feb 2016 10:22:53 GMT',
23 verbose headers   via: '1.1 varnish',
23 verbose headers   age: '0',
23 verbose headers   connection: 'keep-alive',
23 verbose headers   'x-served-by': 'cache-fra1222-FRA',
23 verbose headers   'x-cache': 'MISS',
23 verbose headers   'x-cache-hits': '0',
23 verbose headers   'x-timer': 'S1454322173.151165,VS0,VE101',
23 verbose headers   vary: 'Accept' }
24 silly get cb [ 200,
24 silly get   { server: 'CouchDB/1.5.0 (Erlang OTP/R16B03)',
24 silly get     etag: '"BSW937IB6WMD0F3FG62SV9T0Z"',
24 silly get     'content-type': 'application/json',
24 silly get     'cache-control': 'max-age=300',
24 silly get     'content-length': '4681',
24 silly get     'accept-ranges': 'bytes',
24 silly get     date: 'Mon, 01 Feb 2016 10:22:53 GMT',
24 silly get     via: '1.1 varnish',
24 silly get     age: '0',
24 silly get     connection: 'keep-alive',
24 silly get     'x-served-by': 'cache-fra1222-FRA',
24 silly get     'x-cache': 'MISS',
24 silly get     'x-cache-hits': '0',
24 silly get     'x-timer': 'S1454322173.151165,VS0,VE101',
24 silly get     vary: 'Accept' } ]
25 verbose get saving nvm to /home/ville/.npm/registry.npmjs.org/nvm/.cache.json
26 verbose makeDirectory /home/ville/.npm creation not in flight; initializing
27 silly makeDirectory /home/ville/.npm uid: 1000 gid: 1000
28 silly addNameTag next cb for nvm with tag latest
29 silly addNamed nvm@0.0.3
30 verbose addNamed "0.0.3" is a plain semver version for nvm
31 warn deprecated nvm@0.0.3: This is NOT the correct nvm. Visit http://nvm.sh and use the curl command to install it.
32 silly mapToRegistry name nvm
33 silly mapToRegistry using default registry
34 silly mapToRegistry registry https://registry.npmjs.org/
35 silly mapToRegistry uri https://registry.npmjs.org/nvm
36 verbose addRemoteTarball https://registry.npmjs.org/nvm/-/nvm-0.0.3.tgz not in flight; adding
37 verbose addRemoteTarball [ 'https://registry.npmjs.org/nvm/-/nvm-0.0.3.tgz',
37 verbose addRemoteTarball   '1f39d2dfd16bf661534a3f7145134f4bbbef6da4' ]
38 info retry fetch attempt 1 at 12:25:27 AM
39 info attempt registry request try #1 at 12:25:27 AM
40 http fetch GET https://registry.npmjs.org/nvm/-/nvm-0.0.3.tgz
41 http fetch 200 https://registry.npmjs.org/nvm/-/nvm-0.0.3.tgz
42 silly fetchAndShaCheck shasum 1f39d2dfd16bf661534a3f7145134f4bbbef6da4
43 verbose addTmpTarball /tmp/npm-15213-f087f5f8/registry.npmjs.org/nvm/-/nvm-0.0.3.tgz not in flight; adding
44 verbose addTmpTarball already have metadata; skipping unpack for nvm@0.0.3
45 silly cache afterAdd nvm@0.0.3
46 verbose afterAdd /home/ville/.npm/nvm/0.0.3/package/package.json not in flight; writing
47 verbose afterAdd /home/ville/.npm/nvm/0.0.3/package/package.json written
48 silly install resolved [ { name: 'nvm',
48 silly install resolved     version: '0.0.3',
48 silly install resolved     description: 'Install and managing different versions of node and installing local versions into repos.',
48 silly install resolved     dependencies: { mkdirp: '~0.3.3' },
48 silly install resolved     devDependencies: {},
48 silly install resolved     bin: { nvm: './bin/nvm' },
48 silly install resolved     scripts: { test: 'echo "Error: no test specified" && exit 1' },
48 silly install resolved     repository: { type: 'git', url: 'git://github.com/brianloveswords/nvm.git' },
48 silly install resolved     keywords: [ 'local', 'node' ],
48 silly install resolved     author: { name: 'Brian J. Brennan', url: '@brianloveswords' },
48 silly install resolved     license: 'http://wtfpl.org/',
48 silly install resolved     bugs: { url: 'https://github.com/brianloveswords/nvm/issues' },
48 silly install resolved     homepage: 'https://github.com/brianloveswords/nvm',
48 silly install resolved     _id: 'nvm@0.0.3',
48 silly install resolved     dist:
48 silly install resolved      { shasum: '1f39d2dfd16bf661534a3f7145134f4bbbef6da4',
48 silly install resolved        tarball: 'http://registry.npmjs.org/nvm/-/nvm-0.0.3.tgz' },
48 silly install resolved     _from: 'nvm@latest',
48 silly install resolved     _npmVersion: '1.4.3',
48 silly install resolved     _npmUser: { name: 'brianloveswords', email: 'brianloveswords@gmail.com' },
48 silly install resolved     maintainers: [ [Object] ],
48 silly install resolved     deprecated: 'This is NOT the correct nvm. Visit http://nvm.sh and use the curl command to install it.',
48 silly install resolved     directories: {},
48 silly install resolved     _shasum: '1f39d2dfd16bf661534a3f7145134f4bbbef6da4',
48 silly install resolved     _resolved: 'https://registry.npmjs.org/nvm/-/nvm-0.0.3.tgz' } ]
49 info install nvm@0.0.3 into /usr/lib
50 info installOne nvm@0.0.3
51 verbose installOne of nvm to /usr/lib not in flight; installing
52 verbose makeDirectory /home/ville/.npm/_locks creation not in flight; initializing
53 silly makeDirectory /home/ville/.npm/_locks uid: 1000 gid: 1000
54 verbose lock using /home/ville/.npm/_locks/nvm-b81a582523b0d0a1.lock for /usr/lib/node_modules/nvm
55 silly install write writing nvm 0.0.3 to /usr/lib/node_modules/nvm
56 verbose unbuild lib/node_modules/nvm
57 silly gentlyRm /usr/lib/node_modules/nvm is being purged from base /usr
58 verbose gentlyRm don't care about contents; nuking /usr/lib/node_modules/nvm
59 verbose tar unpack /home/ville/.npm/nvm/0.0.3/package.tgz
60 verbose tar unpacking to /usr/lib/node_modules/nvm
61 silly gentlyRm /usr/lib/node_modules/nvm is being purged
62 verbose gentlyRm don't care about contents; nuking /usr/lib/node_modules/nvm
63 silly gunzTarPerm modes [ '775', '664' ]
64 error tar.unpack untar error /home/ville/.npm/nvm/0.0.3/package.tgz
65 verbose unlock done using /home/ville/.npm/_locks/nvm-b81a582523b0d0a1.lock for /usr/lib/node_modules/nvm
66 verbose fstream_path /usr/lib/node_modules/nvm
67 verbose fstream_type Directory
68 verbose fstream_class DirWriter
69 verbose stack Error: EACCES: permission denied, mkdir '/usr/lib/node_modules/nvm'
69 verbose stack     at Error (native)
70 verbose fstream_stack /usr/lib/node_modules/npm/node_modules/fstream/lib/dir-writer.js:35:25
70 verbose fstream_stack /usr/lib/node_modules/npm/node_modules/mkdirp/index.js:47:53
70 verbose fstream_stack FSReqWrap.oncomplete (fs.js:82:15)
71 verbose cwd /home/ville/pilviohjelmointi
72 error Linux 3.19.0-47-generic
73 error argv "/usr/bin/nodejs" "/usr/bin/npm" "install" "-g" "nvm"
74 error node v4.2.6
75 error npm  v2.14.12
76 error path /usr/lib/node_modules/nvm
77 error code EACCES
78 error errno -13
79 error syscall mkdir
80 error Error: EACCES: permission denied, mkdir '/usr/lib/node_modules/nvm'
80 error     at Error (native)
80 error  { [Error: EACCES: permission denied, mkdir '/usr/lib/node_modules/nvm']
80 error   errno: -13,
80 error   code: 'EACCES',
80 error   syscall: 'mkdir',
80 error   path: '/usr/lib/node_modules/nvm',
80 error   fstream_type: 'Directory',
80 error   fstream_path: '/usr/lib/node_modules/nvm',
80 error   fstream_class: 'DirWriter',
80 error   fstream_stack:
80 error    [ '/usr/lib/node_modules/npm/node_modules/fstream/lib/dir-writer.js:35:25',
80 error      '/usr/lib/node_modules/npm/node_modules/mkdirp/index.js:47:53',
80 error      'FSReqWrap.oncomplete (fs.js:82:15)' ] }
81 error Please try running this command again as root/Administrator.
82 verbose exit [ -13, true ]
83 verbose unbuild lib/node_modules/nvm
84 silly gentlyRm /usr/lib/node_modules/nvm is being purged from base /usr
85 verbose gentlyRm don't care about contents; nuking /usr/lib/node_modules/nvm
